[ERROR] : ChatServer:23 : Server is started. Waiting for connection
[DEBUG] : ChatServer:26 : [Server] User (Alex) entered.
[ERROR] : ChatServer:59 : Input Socket reading error: Socket closed
[DEBUG] : ChatServer:68 : User Alex is removed from clients Map
[DEBUG] : ChatServer:26 : [Server] User (Abobq) entered.
[ERROR] : ChatServer:59 : Input Socket reading error: Socket closed
[DEBUG] : ChatServer:68 : User Abobq is removed from clients Map
[DEBUG] : ChatServer:26 : [Server] User (Aboba) entered.
[ERROR] : ChatServer:59 : Input Socket reading error: Socket closed
[DEBUG] : ChatServer:68 : User Aboba is removed from clients Map
[DEBUG] : ChatServer:26 : [Server] User (maxim) entered.
[ERROR] : ChatServer:59 : Input Socket reading error: Socket closed
[DEBUG] : ChatServer:68 : User maxim is removed from clients Map
[DEBUG] : ChatServer:26 : [Server] User (Aboba) entered.
[ERROR] : ChatServer:59 : Input Socket reading error: Socket closed
[DEBUG] : ChatServer:68 : User Aboba is removed from clients Map
[DEBUG] : ChatServer:26 : [Server] User (a) entered.
[ERROR] : ChatServer:59 : Input Socket reading error: Socket closed
[DEBUG] : ChatServer:68 : User a is removed from clients Map
[DEBUG] : ChatServer:26 : [Server] User (maxim) entered.
[ERROR] : ChatServer:59 : Input Socket reading error: Socket closed
[DEBUG] : ChatServer:68 : User maxim is removed from clients Map
[DEBUG] : ChatServer:26 : [Server] User (maxim) entered.
[ERROR] : ChatServer:59 : Input Socket reading error: Socket closed
[DEBUG] : ChatServer:68 : User maxim is removed from clients Map
[DEBUG] : ChatServer:27 : [Server] User (maxim) entered.
[DEBUG] : ChatServer:27 : [Server] User (Aboba) entered.
[DEBUG] : ChatServer:70 : User Aboba is removed from clients Map
[DEBUG] : ChatServer:27 : [Server] User (Aboba) entered.
[DEBUG] : ChatServer:70 : User Aboba is removed from clients Map
[DEBUG] : ChatServer:27 : [Server] User (Aboba) entered.
[DEBUG] : ChatServer:27 : [Server] User (maxim) entered.
[DEBUG] : ChatServer:67 : User Aboba is removed from clients Map
[DEBUG] : ChatServer:27 : [Server] User (Alex) entered.
[DEBUG] : ChatServer:67 : User Alex is removed from clients Map
[DEBUG] : ChatServer:27 : [Server] User (Aboba) entered.
[DEBUG] : ChatServer:67 : User Aboba is removed from clients Map
[DEBUG] : ChatServer:27 : [Server] User (A) entered.
[DEBUG] : ChatServer:67 : User A is removed from clients Map
[DEBUG] : ChatServer:27 : [Server] User (A) entered.
[DEBUG] : ChatServer:67 : User A is removed from clients Map
[DEBUG] : ChatServer:27 : [Server] User (A) entered.
[DEBUG] : ChatServer:67 : User A is removed from clients Map
[DEBUG] : ChatServer:27 : [Server] User (A) entered.
[DEBUG] : ChatServer:27 : [Server] User (Aboba) entered.
[DEBUG] : ChatServer:67 : User A is removed from clients Map
[DEBUG] : ChatServer:27 : [Server] User (Aboba) entered.
[DEBUG] : ChatServer:67 : User Aboba is removed from clients Map
[DEBUG] : ChatServer:27 : [Server] User (Aboba) entered.
[DEBUG] : ChatServer:67 : User Aboba is removed from clients Map
[DEBUG] : ChatServer:27 : [Server] User (Aboba) entered.
[DEBUG] : ChatServer:67 : User Aboba is removed from clients Map
[DEBUG] : ChatServer:27 : [Server] User (Aboba) entered.
[DEBUG] : ChatServer:67 : User Aboba is removed from clients Map
[DEBUG] : ChatServer:27 : [Server] User (Aboba) entered.
[DEBUG] : ChatServer:67 : User Aboba is removed from clients Map
[DEBUG] : ChatServer:27 : [Server] User (Aboba) entered.
[DEBUG] : ChatServer:67 : User Aboba is removed from clients Map
[DEBUG] : ChatServer:27 : [Server] User (Aboba) entered.
[DEBUG] : ChatServer:67 : User Aboba is removed from clients Map
[DEBUG] : ChatServer:67 : User Aboba is removed from clients Map
[DEBUG] : ChatServer:27 : [Server] User (Aboba) entered.
[DEBUG] : ChatServer:27 : [Server] User (maxim) entered.
[DEBUG] : ChatServer:67 : User Aboba is removed from clients Map
[DEBUG] : ChatServer:27 : [Server] User (Aboba) entered.
[DEBUG] : ChatServer:67 : User Aboba is removed from clients Map
[DEBUG] : ChatServer:27 : [Server] User (Aboba) entered.
[DEBUG] : ChatServer:67 : User maxim is removed from clients Map
[DEBUG] : ChatServer:27 : [Server] User (maxim) entered.
[DEBUG] : ChatServer:67 : User Aboba is removed from clients Map
[DEBUG] : ChatServer:27 : [Server] User (Aboba aaa) entered.
[DEBUG] : ChatServer:67 : User Aboba aaa is removed from clients Map
[DEBUG] : ChatServer:27 : [Server] User (Aboba) entered.
[DEBUG] : ChatServer:67 : User Aboba is removed from clients Map
[DEBUG] : ChatServer:27 : [Server] User (Aboba) entered.
[DEBUG] : ChatServer:67 : User Aboba is removed from clients Map
[DEBUG] : ChatServer:27 : [Server] User (Aboba) entered.
[DEBUG] : ChatServer:67 : User Aboba is removed from clients Map
[DEBUG] : ChatServer:27 : [Server] User (sd) entered.
[DEBUG] : ChatServer:67 : User sd is removed from clients Map
[DEBUG] : ChatServer:27 : [Server] User (Avpv) entered.
[DEBUG] : ChatServer:67 : User Avpv is removed from clients Map
[DEBUG] : ChatServer:27 : [Server] User (asd) entered.
[DEBUG] : ChatServer:67 : User asd is removed from clients Map
[DEBUG] : ChatServer:27 : [Server] User (A) entered.
[DEBUG] : ChatServer:67 : User A is removed from clients Map
[DEBUG] : ChatServer:27 : [Server] User (a) entered.
[DEBUG] : ChatServer:67 : User a is removed from clients Map
[DEBUG] : ChatServer:27 : [Server] User (A) entered.
[DEBUG] : ChatServer:67 : User A is removed from clients Map
[DEBUG] : ChatServer:27 : [Server] User (A) entered.
[DEBUG] : ChatServer:67 : User A is removed from clients Map
[DEBUG] : ChatServer:27 : [Server] User (adfgs) entered.
[DEBUG] : ChatServer:67 : User adfgs is removed from clients Map
[DEBUG] : ChatServer:27 : [Server] User (ASfg) entered.
[DEBUG] : ChatServer:67 : User ASfg is removed from clients Map
[DEBUG] : ChatServer:27 : [Server] User (maxim) entered.
[DEBUG] : ChatServer:27 : [Server] User (dgsfad) entered.
[DEBUG] : ChatServer:67 : User dgsfad is removed from clients Map
[DEBUG] : ChatServer:27 : [Server] User (A) entered.
[DEBUG] : ChatServer:67 : User A is removed from clients Map
[DEBUG] : ChatServer:27 : [Server] User (asf) entered.
[DEBUG] : ChatServer:67 : User asf is removed from clients Map
[DEBUG] : ChatServer:27 : [Server] User (sfhf) entered.
[DEBUG] : ChatServer:27 : [Server] User (fsg) entered.
[DEBUG] : ChatServer:67 : User fsg is removed from clients Map
[DEBUG] : ChatServer:27 : [Server] User (asdfsdghjjjjjjjj) entered.
[DEBUG] : ChatServer:67 : User asdfsdghjjjjjjjj is removed from clients Map
[DEBUG] : ChatServer:27 : [Server] User (fsadgf) entered.
[DEBUG] : ChatServer:67 : User fsadgf is removed from clients Map
[DEBUG] : ChatServer:27 : [Server] User (maxim) entered.
[DEBUG] : ChatServer:27 : [Server] User (gj) entered.
[DEBUG] : ChatServer:67 : User gj is removed from clients Map
[DEBUG] : ChatServer:27 : [Server] User (hgfdh) entered.
[DEBUG] : ChatServer:67 : User hgfdh is removed from clients Map
[DEBUG] : ChatServer:27 : [Server] User (jnb) entered.
[DEBUG] : ChatServer:67 : User jnb is removed from clients Map
[DEBUG] : ChatServer:27 : [Server] User (bhjhgf) entered.
[DEBUG] : ChatServer:67 : User bhjhgf is removed from clients Map
[DEBUG] : ChatServer:27 : [Server] User (fdsag) entered.
[DEBUG] : ChatServer:67 : User fdsag is removed from clients Map
[DEBUG] : ChatServer:27 : [Server] User (gdsfh) entered.
[DEBUG] : ChatServer:67 : User gdsfh is removed from clients Map
[DEBUG] : ChatServer:27 : [Server] User (maxim) entered.
[DEBUG] : ChatServer:27 : [Server] User (asf) entered.
[DEBUG] : ChatServer:67 : User asf is removed from clients Map
[DEBUG] : ChatServer:27 : [Server] User (bvbnvhmvmvhm) entered.
[DEBUG] : ChatServer:67 : User bvbnvhmvmvhm is removed from clients Map
[DEBUG] : ChatServer:27 : [Server] User (xfb) entered.
[DEBUG] : ChatServer:67 : User xfb is removed from clients Map
[DEBUG] : ChatServer:27 : [Server] User (gfh) entered.
[DEBUG] : ChatServer:67 : User gfh is removed from clients Map
[DEBUG] : ChatServer:27 : [Server] User (аып) entered.
[DEBUG] : ChatServer:67 : User аып is removed from clients Map
[DEBUG] : ChatServer:27 : [Server] User (dfg) entered.
[DEBUG] : ChatServer:67 : User dfg is removed from clients Map
[DEBUG] : ChatServer:27 : [Server] User (bgn) entered.
[DEBUG] : ChatServer:67 : User bgn is removed from clients Map
[DEBUG] : ChatServer:27 : [Server] User (fsgfh) entered.
[DEBUG] : ChatServer:67 : User fsgfh is removed from clients Map
[DEBUG] : ChatServer:27 : [Server] User (gsfg) entered.
[DEBUG] : ChatServer:67 : User gsfg is removed from clients Map
[DEBUG] : ChatServer:27 : [Server] User (fsdgfs) entered.
[DEBUG] : ChatServer:67 : User fsdgfs is removed from clients Map
[DEBUG] : ChatServer:27 : [Server] User (gsfg) entered.
[DEBUG] : ChatServer:67 : User gsfg is removed from clients Map
[DEBUG] : ChatServer:27 : [Server] User (/userlist) entered.
[DEBUG] : ChatServer:67 : User /userlist is removed from clients Map
[DEBUG] : ChatServer:27 : [Server] User (sgd) entered.
[DEBUG] : ChatServer:67 : User sgd is removed from clients Map
[DEBUG] : ChatServer:27 : [Server] User (dfgfhhm) entered.
[DEBUG] : ChatServer:67 : User dfgfhhm is removed from clients Map
[DEBUG] : ChatServer:27 : [Server] User (g) entered.
[DEBUG] : ChatServer:67 : User g is removed from clients Map
[DEBUG] : ChatServer:27 : [Server] User (вып) entered.
[DEBUG] : ChatServer:67 : User вып is removed from clients Map
[DEBUG] : ChatServer:27 : [Server] User (fda) entered.
[DEBUG] : ChatServer:67 : User fda is removed from clients Map
[DEBUG] : ChatServer:27 : [Server] User (sfg) entered.
[DEBUG] : ChatServer:67 : User sfg is removed from clients Map
[DEBUG] : ChatServer:27 : [Server] User (dfh) entered.
[DEBUG] : ChatServer:67 : User dfh is removed from clients Map
[DEBUG] : ChatServer:27 : [Server] User (Aboba) entered.
[DEBUG] : ChatServer:27 : [Server] User (maxim) entered.
[DEBUG] : ChatServer:67 : User Aboba is removed from clients Map
[DEBUG] : ChatServer:27 : [Server] User (dsfgd) entered.
[DEBUG] : ChatServer:67 : User dsfgd is removed from clients Map
[DEBUG] : ChatServer:27 : [Server] User (fdff) entered.
[DEBUG] : ChatServer:67 : User fdff is removed from clients Map
[DEBUG] : ChatServer:27 : [Server] User (asd) entered.
[DEBUG] : ChatServer:67 : User asd is removed from clients Map
[DEBUG] : ChatServer:27 : [Server] User (dfg) entered.
[DEBUG] : ChatServer:67 : User dfg is removed from clients Map
[DEBUG] : ChatServer:27 : [Server] User (fsdfg) entered.
[DEBUG] : ChatServer:67 : User fsdfg is removed from clients Map
[DEBUG] : ChatServer:27 : [Server] User (Aboba) entered.
[DEBUG] : ChatServer:67 : User Aboba is removed from clients Map
[DEBUG] : ChatServer:27 : [Server] User (adgf) entered.
[DEBUG] : ChatServer:67 : User adgf is removed from clients Map
[DEBUG] : ChatServer:27 : [Server] User (Aboba) entered.
[DEBUG] : ChatServer:67 : User Aboba is removed from clients Map
[DEBUG] : ChatServer:27 : [Server] User (Aboba) entered.
[DEBUG] : ChatServer:67 : User Aboba is removed from clients Map
[DEBUG] : ChatServer:27 : [Server] User (null) entered.
[DEBUG] : ChatServer:27 : [Server] User (null) entered.
[DEBUG] : ChatServer:67 : User null is removed from clients Map
[DEBUG] : ChatServer:67 : User null is removed from clients Map
[DEBUG] : ChatServer:27 : [Server] User (null) entered.
[DEBUG] : ChatServer:67 : User null is removed from clients Map
[DEBUG] : ChatServer:27 : [Server] User (null) entered.
[DEBUG] : ChatServer:27 : [Server] User (null) entered.
[DEBUG] : ChatServer:67 : User null is removed from clients Map
[DEBUG] : ChatServer:67 : User null is removed from clients Map
[DEBUG] : ChatServer:27 : [Server] User (null) entered.
[DEBUG] : ChatServer:67 : User null is removed from clients Map
[DEBUG] : ChatServer:27 : [Server] User (null) entered.
[DEBUG] : ChatServer:67 : User null is removed from clients Map
[DEBUG] : ChatServer:27 : [Server] User (null) entered.
[DEBUG] : ChatServer:67 : User null is removed from clients Map
[DEBUG] : ChatServer:27 : [Server] User (null) entered.
[DEBUG] : ChatServer:67 : User null is removed from clients Map
[DEBUG] : ChatServer:27 : [Server] User (sdf) entered.
[DEBUG] : ChatServer:67 : User sdf is removed from clients Map
[DEBUG] : ChatServer:27 : [Server] User (dasd) entered.
[DEBUG] : ChatServer:67 : User dasd is removed from clients Map
[DEBUG] : ChatServer:27 : [Server] User (asd) entered.
[DEBUG] : ChatServer:67 : User asd is removed from clients Map
[DEBUG] : ChatServer:27 : [Server] User (аываыва) entered.
[DEBUG] : ChatServer:27 : [Server] User (фва) entered.
[DEBUG] : ChatServer:67 : User фва is removed from clients Map
[DEBUG] : ChatServer:27 : [Server] User (dfhg) entered.
[DEBUG] : ChatServer:67 : User dfhg is removed from clients Map
[DEBUG] : ChatServer:27 : [Server] User (tht) entered.
[DEBUG] : ChatServer:67 : User tht is removed from clients Map
[DEBUG] : ChatServer:27 : [Server] User (vgdfgh) entered.
[DEBUG] : ChatServer:67 : User vgdfgh is removed from clients Map
[DEBUG] : ChatServer:27 : [Server] User (dfh) entered.
[DEBUG] : ChatServer:27 : [Server] User (User2) entered.
[DEBUG] : ChatServer:27 : [Server] User (User3) entered.
[DEBUG] : ChatServer:67 : User dfh is removed from clients Map
[DEBUG] : ChatServer:67 : User User3 is removed from clients Map
[DEBUG] : ChatServer:67 : User User2 is removed from clients Map
[DEBUG] : ChatServer:27 : [Server] User (erg) entered.
[DEBUG] : ChatServer:67 : User erg is removed from clients Map
[DEBUG] : ChatServer:27 : [Server] User (fsdf) entered.
[DEBUG] : ChatServer:67 : User fsdf is removed from clients Map
[DEBUG] : ChatServer:27 : [Server] User (dgh) entered.
[DEBUG] : ChatServer:27 : [Server] User (asd) entered.
[DEBUG] : ChatServer:67 : User dgh is removed from clients Map
[DEBUG] : ChatServer:67 : User asd is removed from clients Map
[DEBUG] : ChatServer:31 : Connection error: Адрес уже используется (Bind failed)
[DEBUG] : ChatServer:31 : Connection error: Адрес уже используется (Bind failed)
[DEBUG] : ChatServer:31 : Connection error: Адрес уже используется (Bind failed)
[DEBUG] : ChatServer:31 : Connection error: Адрес уже используется (Bind failed)
[DEBUG] : ChatServer:31 : Connection error: Адрес уже используется (Bind failed)
[DEBUG] : ChatServer:31 : Connection error: Адрес уже используется (Bind failed)
[DEBUG] : ChatServer:30 : Connection error: Адрес уже используется (Bind failed)
[DEBUG] : ChatServer:30 : Connection error: Адрес уже используется (Bind failed)
[DEBUG] : ChatServer:27 : [Server] User (A) entered.
[DEBUG] : ChatServer:27 : [Server] User (Alex) entered.
[DEBUG] : ChatServer:67 : User A is removed from clients Map
[DEBUG] : ChatServer:67 : User Alex is removed from clients Map
[DEBUG] : ChatServer:27 : [Server] User (asd) entered.
[DEBUG] : ChatServer:27 : [Server] User (asd) entered.
[DEBUG] : ChatServer:67 : User asd is removed from clients Map
[DEBUG] : ChatServer:27 : [Server] User (gf) entered.
[DEBUG] : ChatServer:67 : User asd is removed from clients Map
[DEBUG] : ChatServer:67 : User gf is removed from clients Map
[DEBUG] : ChatServer:27 : [Server] User (Aboba) entered.
[DEBUG] : ChatServer:27 : [Server] User (Sergay) entered.
[DEBUG] : ChatServer:67 : User Sergay is removed from clients Map
[DEBUG] : ChatServer:27 : [Server] User (asdas) entered.
[DEBUG] : ChatServer:27 : [Server] User (sdfsdf) entered.
[DEBUG] : ChatServer:27 : [Server] User (asd) entered.
[DEBUG] : ChatServer:67 : User sdfsdf is removed from clients Map
[DEBUG] : ChatServer:67 : User asd is removed from clients Map
[DEBUG] : ChatServer:67 : User asdas is removed from clients Map
[DEBUG] : ChatServer:30 : Connection error: Адрес уже используется (Bind failed)
[DEBUG] : ChatServer:31 : Connection error: Адрес уже используется (Bind failed)
[DEBUG] : ChatServer:27 : [Server] User (Alex) entered.
[DEBUG] : ChatServer:27 : [Server] User (Max) entered.
[DEBUG] : ChatServer:27 : [Server] User (Egor) entered.
[DEBUG] : ChatServer:27 : [Server] User (Max) entered.
[DEBUG] : ChatServer:27 : [Server] User (Chack) entered.
[DEBUG] : ChatServer:27 : [Server] User (Chicha) entered.
[DEBUG] : ChatServer:67 : User Chicha is removed from clients Map
[DEBUG] : ChatServer:27 : [Server] User (Max) entered.
[DEBUG] : ChatServer:27 : [Server] User (Alex) entered.
[DEBUG] : ChatServer:27 : [Server] User (Mark) entered.
[DEBUG] : ChatServer:27 : [Server] User (Alex) entered.
[DEBUG] : ChatServer:27 : [Server] User (Mark) entered.
[DEBUG] : ChatServer:27 : [Server] User (Henry) entered.
[DEBUG] : ChatServer:27 : [Server] User (Alex) entered.
[DEBUG] : ChatServer:27 : [Server] User (Msg) entered.
[DEBUG] : ChatServer:27 : [Server] User (Mark) entered.
[DEBUG] : ChatServer:27 : [Server] User (Lol\) entered.
[DEBUG] : ChatServer:27 : [Server] User (keke) entered.
[DEBUG] : ChatServer:27 : [Server] User (Semyon Alexandrov) entered.
[DEBUG] : ChatServer:27 : [Server] User (Aboba) entered.
[DEBUG] : ChatServer:27 : [Server] User (Gena) entered.
[DEBUG] : ChatServer:67 : User Semyon Alexandrov is removed from clients Map
[DEBUG] : ChatServer:67 : User Gena is removed from clients Map
[DEBUG] : ChatServer:67 : User Aboba is removed from clients Map
[DEBUG] : ChatServer:67 : User keke is removed from clients Map
[DEBUG] : ChatServer:67 : User Lol\ is removed from clients Map
[DEBUG] : ChatServer:27 : [Server] User (fd) entered.
[DEBUG] : ChatServer:27 : [Server] User (as) entered.
[DEBUG] : ChatServer:27 : [Server] User (ds) entered.
[DEBUG] : ChatServer:67 : User as is removed from clients Map
[DEBUG] : ChatServer:27 : [Server] User (as) entered.
[DEBUG] : ChatServer:27 : [Server] User (as) entered.
[DEBUG] : ChatServer:27 : [Server] User (ds) entered.
[DEBUG] : ChatServer:67 : User as is removed from clients Map
[DEBUG] : ChatServer:67 : User as is removed from clients Map
[DEBUG] : ChatServer:67 : User ds is removed from clients Map
[DEBUG] : ChatServer:27 : [Server] User (aboba) entered.
[DEBUG] : ChatServer:67 : User aboba is removed from clients Map
[DEBUG] : ChatServer:27 : [Server] User (Aboba) entered.
[DEBUG] : ChatServer:27 : [Server] User (Maxim) entered.
[DEBUG] : ChatServer:27 : [Server] User (Max) entered.
[DEBUG] : ChatServer:27 : [Server] User (ALEX) entered.
